<?xml version="1.0" encoding="UTF-8"?>
<!-- Generated by org.testng.reporters.JUnitXMLReporter -->
<testsuite hostname="DESKTOP-RE812HF" ignored="0" name="Default test" tests="3" failures="0" timestamp="2019-12-09T22:11:49 IST" time="159.429" errors="0">
  <testcase name="registerForCourse_ELTC_013" time="24.467" classname="week1.ElearningTest"/>
  <testcase name="displayRegisteredCourseDetails_ELTC_014" time="27.707" classname="week1.ElearningTest"/>
  <testcase name="logoutTest_ELTC_015" time="17.917" classname="week1.ElearningTest"/>
</testsuite> <!-- Default test -->
