<?xml version="1.0" encoding="UTF-8"?>
<!-- Generated by org.testng.reporters.JUnitXMLReporter -->
<testsuite hostname="DESKTOP-RE812HF" ignored="0" name="Default test" tests="3" failures="0" timestamp="2019-12-04T20:42:54 IST" time="139.735" errors="0">
  <testcase name="registerForCourse_ELTC_013" time="24.686" classname="week1.ElearningTest"/>
  <testcase name="displayRegisteredCourseDetails_ELTC_014" time="25.082" classname="week1.ElearningTest"/>
  <testcase name="logoutTest_ELTC_015" time="17.842" classname="week1.ElearningTest"/>
</testsuite> <!-- Default test -->
