<?xml version="1.0" encoding="UTF-8"?>
<testng-results skipped="0" failed="0" ignored="0" total="3" passed="3">
  <reporter-output>
  </reporter-output>
  <suite name="Default suite" duration-ms="591899" started-at="2019-12-20T18:11:57 IST" finished-at="2019-12-20T18:21:49 IST">
    <groups>
    </groups>
    <test name="Default test" duration-ms="591899" started-at="2019-12-20T18:11:57 IST" finished-at="2019-12-20T18:21:49 IST">
      <class name="week3.ElearningTestWeek3">
        <test-method status="PASS" signature="setUpBeforeClass()[pri:0, instance:week3.ElearningTestWeek3@79be0360]" name="setUpBeforeClass" is-config="true" duration-ms="17" started-at="2019-12-20T18:11:57 IST" finished-at="2019-12-20T18:11:57 IST">
          <reporter-output>
          </reporter-output>
        </test-method> <!-- setUpBeforeClass -->
        <test-method status="PASS" signature="setUp()[pri:0, instance:week3.ElearningTestWeek3@79be0360]" name="setUp" is-config="true" duration-ms="22015" started-at="2019-12-20T18:11:57 IST" finished-at="2019-12-20T18:12:19 IST">
          <reporter-output>
          </reporter-output>
        </test-method> <!-- setUp -->
        <test-method status="PASS" signature="adminToAddNewUser_ELTC_072()[pri:0, instance:week3.ElearningTestWeek3@79be0360]" name="adminToAddNewUser_ELTC_072" duration-ms="79262" started-at="2019-12-20T18:12:19 IST" finished-at="2019-12-20T18:13:38 IST">
          <reporter-output>
          </reporter-output>
        </test-method> <!-- adminToAddNewUser_ELTC_072 -->
        <test-method status="PASS" signature="tearDown()[pri:0, instance:week3.ElearningTestWeek3@79be0360]" name="tearDown" is-config="true" duration-ms="1898" started-at="2019-12-20T18:13:38 IST" finished-at="2019-12-20T18:13:40 IST">
          <reporter-output>
          </reporter-output>
        </test-method> <!-- tearDown -->
        <test-method status="PASS" signature="setUp()[pri:0, instance:week3.ElearningTestWeek3@79be0360]" name="setUp" is-config="true" duration-ms="19820" started-at="2019-12-20T18:13:40 IST" finished-at="2019-12-20T18:14:00 IST">
          <reporter-output>
          </reporter-output>
        </test-method> <!-- setUp -->
        <test-method status="PASS" signature="errorMsgVerifyInAddNewUser_ELTC_083()[pri:1, instance:week3.ElearningTestWeek3@79be0360]" name="errorMsgVerifyInAddNewUser_ELTC_083" duration-ms="77662" started-at="2019-12-20T18:14:00 IST" finished-at="2019-12-20T18:15:18 IST">
          <reporter-output>
          </reporter-output>
        </test-method> <!-- errorMsgVerifyInAddNewUser_ELTC_083 -->
        <test-method status="PASS" signature="tearDown()[pri:0, instance:week3.ElearningTestWeek3@79be0360]" name="tearDown" is-config="true" duration-ms="1883" started-at="2019-12-20T18:15:18 IST" finished-at="2019-12-20T18:15:20 IST">
          <reporter-output>
          </reporter-output>
        </test-method> <!-- tearDown -->
        <test-method status="PASS" signature="setUp()[pri:0, instance:week3.ElearningTestWeek3@79be0360]" name="setUp" is-config="true" duration-ms="21071" started-at="2019-12-20T18:15:20 IST" finished-at="2019-12-20T18:15:41 IST">
          <reporter-output>
          </reporter-output>
        </test-method> <!-- setUp -->
        <test-method status="PASS" signature="testCase_ELTC_071()[pri:2, instance:week3.ElearningTestWeek3@79be0360]" name="testCase_ELTC_071" duration-ms="366208" started-at="2019-12-20T18:15:41 IST" finished-at="2019-12-20T18:21:47 IST">
          <reporter-output>
          </reporter-output>
        </test-method> <!-- testCase_ELTC_071 -->
        <test-method status="PASS" signature="tearDown()[pri:0, instance:week3.ElearningTestWeek3@79be0360]" name="tearDown" is-config="true" duration-ms="2011" started-at="2019-12-20T18:21:47 IST" finished-at="2019-12-20T18:21:49 IST">
          <reporter-output>
          </reporter-output>
        </test-method> <!-- tearDown -->
      </class> <!-- week3.ElearningTestWeek3 -->
    </test> <!-- Default test -->
  </suite> <!-- Default suite -->
</testng-results>
